0 info it worked if it ends with ok
1 verbose cli [ '/opt/node-v4.4.7-linux-x64/bin/node',
1 verbose cli   '/opt/node-v4.4.7-linux-x64/bin/npm',
1 verbose cli   'start' ]
2 info using npm@2.15.8
3 info using node@v4.4.7
4 verbose run-script [ 'prestart', 'start', 'poststart' ]
5 info prestart atendimentoBackend@0.0.0
6 info start atendimentoBackend@0.0.0
7 verbose unsafe-perm in lifecycle true
8 info atendimentoBackend@0.0.0 Failed to exec start script
9 verbose stack Error: atendimentoBackend@0.0.0 start: `export NODE_ENV='dev' && node app.js`
9 verbose stack Exit status 1
9 verbose stack     at EventEmitter.<anonymous> (/opt/node-v4.4.7-linux-x64/lib/node_modules/npm/lib/utils/lifecycle.js:217:16)
9 verbose stack     at emitTwo (events.js:87:13)
9 verbose stack     at EventEmitter.emit (events.js:172:7)
9 verbose stack     at ChildProcess.<anonymous> (/opt/node-v4.4.7-linux-x64/lib/node_modules/npm/lib/utils/spawn.js:24:14)
9 verbose stack     at emitTwo (events.js:87:13)
9 verbose stack     at ChildProcess.emit (events.js:172:7)
9 verbose stack     at maybeClose (internal/child_process.js:827:16)
9 verbose stack     at Process.ChildProcess._handle.onexit (internal/child_process.js:211:5)
10 verbose pkgid atendimentoBackend@0.0.0
11 verbose cwd /home/vlima/Documents/development/nodejs/controle_atendimento_backend
12 error Linux 4.5.5-300.fc24.x86_64
13 error argv "/opt/node-v4.4.7-linux-x64/bin/node" "/opt/node-v4.4.7-linux-x64/bin/npm" "start"
14 error node v4.4.7
15 error npm  v2.15.8
16 error code ELIFECYCLE
17 error atendimentoBackend@0.0.0 start: `export NODE_ENV='dev' && node app.js`
17 error Exit status 1
18 error Failed at the atendimentoBackend@0.0.0 start script 'export NODE_ENV='dev' && node app.js'.
18 error This is most likely a problem with the atendimentoBackend package,
18 error not with npm itself.
18 error Tell the author that this fails on your system:
18 error     export NODE_ENV='dev' && node app.js
18 error You can get information on how to open an issue for this project with:
18 error     npm bugs atendimentoBackend
18 error Or if that isn't available, you can get their info via:
18 error
18 error     npm owner ls atendimentoBackend
18 error There is likely additional logging output above.
19 verbose exit [ 1, true ]
